password_hash
default_billing
default_shipping
store_id
confirmation
tax_exempt_number
cc_email
zip_codes
ship_on_account
website_id
created_in
group_id
disable_auto_group_change
prefix
firstname
middlename
updated_at
failures_num
first_failure
lock_expires
lastname
suffix
email
created_at
dob
taxvat
gender
rp_token
rp_token_created_at
default_blog_category_ids
password_hash
default_billing
default_shipping
store_id
confirmation
tax_exempt_number
cc_email
zip_codes
ship_on_account
website_id
created_in
group_id
disable_auto_group_change
prefix
firstname
middlename
updated_at
failures_num
first_failure
lock_expires
lastname
suffix
email
created_at
dob
taxvat
gender
rp_token
rp_token_created_at
default_blog_category_ids
password_hash
default_billing
default_shipping
store_id
confirmation
tax_exempt_number
cc_email
zip_codes
ship_on_account
website_id
created_in
group_id
disable_auto_group_change
prefix
firstname
middlename
updated_at
failures_num
first_failure
lock_expires
lastname
suffix
email
created_at
dob
taxvat
gender
rp_token
rp_token_created_at
braintree_customer_id
contract_number
servicer_number
expedite_auth
primary_business
password_hash
default_billing
default_shipping
store_id
confirmation
tax_exempt_number
cc_email
zip_codes
ship_on_account
website_id
created_in
group_id
disable_auto_group_change
prefix
firstname
middlename
updated_at
failures_num
first_failure
lock_expires
lastname
suffix
email
created_at
dob
taxvat
gender
rp_token
rp_token_created_at
braintree_customer_id
contract_number
servicer_number
expedite_auth
primary_business
affiliation
password_hash
default_billing
default_shipping
store_id
confirmation
tax_exempt_number
cc_email
zip_codes
ship_on_account
website_id
created_in
group_id
disable_auto_group_change
prefix
firstname
middlename
updated_at
failures_num
first_failure
lock_expires
lastname
suffix
email
created_at
dob
taxvat
gender
rp_token
rp_token_created_at
braintree_customer_id
contract_number
servicer_number
expedite_auth
primary_business
affiliation
prefix
firstname
middlename
lastname
suffix
company
street
city
country_id
region
region_id
postcode
telephone
fax
vat_is_valid
vat_request_id
vat_request_date
vat_request_success
vat_id
password_hash
default_billing
default_shipping
store_id
confirmation
tax_exempt_number
cc_email
zip_codes
ship_on_account
website_id
created_in
group_id
disable_auto_group_change
prefix
firstname
middlename
updated_at
failures_num
first_failure
lock_expires
lastname
suffix
email
created_at
dob
taxvat
gender
rp_token
rp_token_created_at
braintree_customer_id
contract_number
servicer_number
expedite_auth
primary_business
affiliation
prefix
firstname
middlename
lastname
suffix
company
street
city
country_id
region
region_id
postcode
telephone
fax
vat_is_valid
vat_request_id
vat_request_date
vat_request_success
vat_id
password_hash
default_billing
default_shipping
store_id
confirmation
tax_exempt_number
cc_email
zip_codes
ship_on_account
website_id
created_in
group_id
disable_auto_group_change
prefix
firstname
middlename
updated_at
failures_num
first_failure
lock_expires
lastname
suffix
email
created_at
dob
taxvat
gender
rp_token
rp_token_created_at
braintree_customer_id
prefix
middlename
suffix
